<?xml version="1.0" encoding="UTF-8" ?>
<testsuite tests="17" failures="1" name="com.huoping.test.TestUsers" time="0.331" errors="0" skipped="0">
  <properties>
    <property name="idea.version" value="2022.2"/>
    <property name="java.runtime.name" value="Java(TM) SE Runtime Environment"/>
    <property name="java.vm.version" value="11.0.2+7-LTS"/>
    <property name="sun.boot.library.path" value="C:\Program Files\Java\jdk-11.0.2\bin"/>
    <property name="maven.multiModuleProjectDirectory" value="D:\JAVA\javaSE\MybatisMavenUsers"/>
    <property name="java.vm.vendor" value="Oracle Corporation"/>
    <property name="java.vendor.url" value="http://java.oracle.com/"/>
    <property name="guice.disable.misplaced.annotation.check" value="true"/>
    <property name="path.separator" value=";"/>
    <property name="java.vm.name" value="Java HotSpot(TM) 64-Bit Server VM"/>
    <property name="sun.os.patch.level" value=""/>
    <property name="user.script" value=""/>
    <property name="user.country" value="CN"/>
    <property name="sun.java.launcher" value="SUN_STANDARD"/>
    <property name="java.vm.specification.name" value="Java Virtual Machine Specification"/>
    <property name="user.dir" value="D:\JAVA\javaSE\MybatisMavenUsers"/>
    <property name="java.vm.compressedOopsMode" value="Zero based"/>
    <property name="java.runtime.version" value="11.0.2+7-LTS"/>
    <property name="java.awt.graphicsenv" value="sun.awt.Win32GraphicsEnvironment"/>
    <property name="os.arch" value="amd64"/>
    <property name="java.io.tmpdir" value="C:\Users\霍平\AppData\Local\Temp\"/>
    <property name="line.separator" value="
"/>
    <property name="java.vm.specification.vendor" value="Oracle Corporation"/>
    <property name="user.variant" value=""/>
    <property name="os.name" value="Windows 10"/>
    <property name="maven.ext.class.path" value="D:\JAVAALL\IDEA\IntelliJ IDEA 222.3244.4\plugins\maven\lib\maven-event-listener.jar"/>
    <property name="archetypeCatalog" value="internal"/>
    <property name="classworlds.conf" value="D:\JAVAALL\maven\apache-maven-3.8.6-bin\apache-maven-3.8.6\bin\m2.conf"/>
    <property name="sun.jnu.encoding" value="GBK"/>
    <property name="java.library.path" value="C:\Program Files\Java\jdk-11.0.2\bin;C:\Windows\Sun\Java\bin;C:\Windows\system32;C:\Windows;C:\ProgramData\Oracle\Java\javapath;C:\Windows\system32;C:\Windows;C:\Windows\System32\Wbem;C:\Windows\System32\WindowsPowerShell\v1.0\;C:\Windows\System32\OpenSSH\;C:\Program Files\MySQL\MySQL Server 8.0\bin;D:\Bandizip;C:\Program Files\Java\jdk-11.0.2\bin;D:\Tomcat\apache-tomcat-10.0.12\apache-tomcat-10.0.12\bin;D:\git\Git\cmd;D:\JAVAALL\maven\apache-maven-3.8.6-bin\apache-maven-3.8.6\bin;C:\Program Files\MySQL\MySQL Shell 8.0\bin\;C:\Users\霍平\AppData\Local\Microsoft\WindowsApps;D:\JAVAALL\IDEA\IntelliJ IDEA 222.3244.4\bin;;D:\IDEA\Idea\IntelliJ IDEA Community Edition 2022.1.2\bin;;D:\LenovoSoftstore\Install\QQliuxidating\QQGameTempest\Hall.57804\;."/>
    <property name="maven.conf" value="D:\JAVAALL\maven\apache-maven-3.8.6-bin\apache-maven-3.8.6/conf"/>
    <property name="jdk.debug" value="release"/>
    <property name="java.class.version" value="55.0"/>
    <property name="java.specification.name" value="Java Platform API Specification"/>
    <property name="sun.management.compiler" value="HotSpot 64-Bit Tiered Compilers"/>
    <property name="maven.repo.local" value="D:\JAVAALL\maven\apache-maven-3.8.6-bin"/>
    <property name="os.version" value="10.0"/>
    <property name="user.home" value="C:\Users\霍平"/>
    <property name="user.timezone" value="Asia/Shanghai"/>
    <property name="java.awt.printerjob" value="sun.awt.windows.WPrinterJob"/>
    <property name="file.encoding" value="UTF-8"/>
    <property name="java.specification.version" value="11"/>
    <property name="user.name" value="霍平"/>
    <property name="java.class.path" value="D:\JAVAALL\maven\apache-maven-3.8.6-bin\apache-maven-3.8.6\boot\plexus-classworlds-2.6.0.jar;D:\JAVAALL\maven\apache-maven-3.8.6-bin\apache-maven-3.8.6\boot\plexus-classworlds.license"/>
    <property name="java.vm.specification.version" value="11"/>
    <property name="sun.arch.data.model" value="64"/>
    <property name="sun.java.command" value="org.codehaus.classworlds.Launcher -Didea.version=2022.2 -s D:\JAVAALL\maven\apache-maven-3.8.6-bin\apache-maven-3.8.6\conf\settings.xml -Dmaven.repo.local=D:\JAVAALL\maven\apache-maven-3.8.6-bin install -P jdk11"/>
    <property name="java.home" value="C:\Program Files\Java\jdk-11.0.2"/>
    <property name="user.language" value="zh"/>
    <property name="java.specification.vendor" value="Oracle Corporation"/>
    <property name="awt.toolkit" value="sun.awt.windows.WToolkit"/>
    <property name="java.vm.info" value="mixed mode"/>
    <property name="java.version" value="11.0.2"/>
    <property name="java.vendor" value="Oracle Corporation"/>
    <property name="maven.home" value="D:\JAVAALL\maven\apache-maven-3.8.6-bin\apache-maven-3.8.6"/>
    <property name="file.separator" value="\"/>
    <property name="java.version.date" value="2018-10-16"/>
    <property name="java.vendor.url.bug" value="http://bugreport.java.com/bugreport/"/>
    <property name="sun.io.unicode.encoding" value="UnicodeLittle"/>
    <property name="sun.cpu.endian" value="little"/>
    <property name="java.vendor.version" value="18.9"/>
    <property name="sun.desktop" value="windows"/>
    <property name="sun.cpu.isalist" value="amd64"/>
  </properties>
  <testcase classname="com.huoping.test.TestUsers" name="TestDeleteById" time="0.245"/>
  <testcase classname="com.huoping.test.TestUsers" name="TestGetById" time="0.024"/>
  <testcase classname="com.huoping.test.TestUsers" name="TestGetByUserMap" time="0.002"/>
  <testcase classname="com.huoping.test.TestUsers" name="createUUID" time="0"/>
  <testcase classname="com.huoping.test.TestUsers" name="getAllMap" time="0.003"/>
  <testcase classname="com.huoping.test.TestUsers" name="getByName" time="0.005"/>
  <testcase classname="com.huoping.test.TestUsers" name="getId" time="0.002"/>
  <testcase classname="com.huoping.test.TestUsers" name="getUserDate" time="0.005"/>
  <testcase classname="com.huoping.test.TestUsers" name="testDelete" time="0.003"/>
  <testcase classname="com.huoping.test.TestUsers" name="testGetByMap" time="0.004"/>
  <testcase classname="com.huoping.test.TestUsers" name="testInsert" time="0.01">
    <failure message="
### Error updating database.  Cause: java.sql.SQLSyntaxErrorException: You have an error in your SQL syntax; check the manual that corresponds to your MySQL server version for the right syntax to use near &apos;insert
        into users(username, birthday, sex, address)
        values
     &apos; at line 2
### The error may exist in com/huoping/mapper/UserMapper.xml
### The error may involve com.huoping.mapper.UserMapper.insert-Inline
### The error occurred while setting parameters
### SQL: select last_insert_id()             insert         into users(username, birthday, sex, address)         values             (?, ?, ?, ?)
### Cause: java.sql.SQLSyntaxErrorException: You have an error in your SQL syntax; check the manual that corresponds to your MySQL server version for the right syntax to use near &apos;insert
        into users(username, birthday, sex, address)
        values
     &apos; at line 2" type="org.apache.ibatis.exceptions.PersistenceException">org.apache.ibatis.exceptions.PersistenceException: 
### Error updating database.  Cause: java.sql.SQLSyntaxErrorException: You have an error in your SQL syntax; check the manual that corresponds to your MySQL server version for the right syntax to use near &apos;insert
        into users(username, birthday, sex, address)
        values
     &apos; at line 2
### The error may exist in com/huoping/mapper/UserMapper.xml
### The error may involve com.huoping.mapper.UserMapper.insert-Inline
### The error occurred while setting parameters
### SQL: select last_insert_id()             insert         into users(username, birthday, sex, address)         values             (?, ?, ?, ?)
### Cause: java.sql.SQLSyntaxErrorException: You have an error in your SQL syntax; check the manual that corresponds to your MySQL server version for the right syntax to use near &apos;insert
        into users(username, birthday, sex, address)
        values
     &apos; at line 2
	at org.apache.ibatis.exceptions.ExceptionFactory.wrapException(ExceptionFactory.java:30)
	at org.apache.ibatis.session.defaults.DefaultSqlSession.update(DefaultSqlSession.java:199)
	at org.apache.ibatis.session.defaults.DefaultSqlSession.insert(DefaultSqlSession.java:184)
	at org.apache.ibatis.binding.MapperMethod.execute(MapperMethod.java:62)
	at org.apache.ibatis.binding.MapperProxy$PlainMethodInvoker.invoke(MapperProxy.java:152)
	at org.apache.ibatis.binding.MapperProxy.invoke(MapperProxy.java:85)
	at com.sun.proxy.$Proxy8.insert(Unknown Source)
	at com.huoping.test.TestUsers.testInsert(TestUsers.java:77)
Caused by: java.sql.SQLSyntaxErrorException: You have an error in your SQL syntax; check the manual that corresponds to your MySQL server version for the right syntax to use near &apos;insert
        into users(username, birthday, sex, address)
        values
     &apos; at line 2
	at com.mysql.cj.jdbc.exceptions.SQLError.createSQLException(SQLError.java:120)
	at com.mysql.cj.jdbc.exceptions.SQLError.createSQLException(SQLError.java:97)
	at com.mysql.cj.jdbc.exceptions.SQLExceptionsMapping.translateException(SQLExceptionsMapping.java:122)
	at com.mysql.cj.jdbc.ClientPreparedStatement.executeInternal(ClientPreparedStatement.java:955)
	at com.mysql.cj.jdbc.ClientPreparedStatement.execute(ClientPreparedStatement.java:372)
	at java.base/jdk.internal.reflect.NativeMethodAccessorImpl.invoke0(Native Method)
	at java.base/jdk.internal.reflect.NativeMethodAccessorImpl.invoke(NativeMethodAccessorImpl.java:62)
	at java.base/jdk.internal.reflect.DelegatingMethodAccessorImpl.invoke(DelegatingMethodAccessorImpl.java:43)
	at java.base/java.lang.reflect.Method.invoke(Method.java:566)
	at org.apache.ibatis.logging.jdbc.PreparedStatementLogger.invoke(PreparedStatementLogger.java:59)
	at com.sun.proxy.$Proxy10.execute(Unknown Source)
	at org.apache.ibatis.executor.statement.PreparedStatementHandler.update(PreparedStatementHandler.java:47)
	at org.apache.ibatis.executor.statement.RoutingStatementHandler.update(RoutingStatementHandler.java:74)
	at org.apache.ibatis.executor.SimpleExecutor.doUpdate(SimpleExecutor.java:50)
	at org.apache.ibatis.executor.BaseExecutor.update(BaseExecutor.java:117)
	at org.apache.ibatis.executor.CachingExecutor.update(CachingExecutor.java:76)
	at org.apache.ibatis.session.defaults.DefaultSqlSession.update(DefaultSqlSession.java:197)
	... 43 more
</failure>
    <system-out>==&gt;  Preparing: select last_insert_id() insert into users(username, birthday, sex, address) values (?, ?, ?, ?)
==&gt; Parameters: С��(String), 2020-06-01 00:00:00.0(Timestamp), 2(String), ����(String)
</system-out>
  </testcase>
  <testcase classname="com.huoping.test.TestUsers" name="testInsertList" time="0.007"/>
  <testcase classname="com.huoping.test.TestUsers" name="testSelect" time="0.005"/>
  <testcase classname="com.huoping.test.TestUsers" name="testUpdate" time="0.004"/>
  <testcase classname="com.huoping.test.TestUsers" name="testUpdateSet" time="0.004"/>
  <testcase classname="com.huoping.test.TestUsers" name="testUsers" time="0.004"/>
  <testcase classname="com.huoping.test.TestUsers" name="testgetCondition" time="0.004"/>
</testsuite>